<?xml version="1.0" encoding="UTF-8"?>
<testsuite xmlns:xsi="http://www.w3.org/2001/XMLSchema-instance" xsi:noNamespaceSchemaLocation="https://maven.apache.org/surefire/maven-surefire-plugin/xsd/surefire-test-report-3.0.xsd" version="3.0" name="com.slinky.wordcheat.model.LetterRackTest" time="0.142" tests="152" errors="0" skipped="1" failures="0">
  <properties>
[...]
</properties>
  <testcase name="testAddLettersWithWildcards" classname="com.slinky.wordcheat.model.LetterRackTest" time="0.001"/>
  <testcase name="testGetLettersValid(char[], String)[1]" classname="com.slinky.wordcheat.model.LetterRackTest" time="0.0"/>
  <testcase name="testGetLettersValid(char[], String)[2]" classname="com.slinky.wordcheat.model.LetterRackTest" time="0.0"/>
  <testcase name="testGetLettersValid(char[], String)[3]" classname="com.slinky.wordcheat.model.LetterRackTest" time="0.0"/>
  <testcase name="testGetLettersValid(char[], String)[4]" classname="com.slinky.wordcheat.model.LetterRackTest" time="0.0"/>
  <testcase name="testGetLettersValid(char[], String)[5]" classname="com.slinky.wordcheat.model.LetterRackTest" time="0.001"/>
  <testcase name="testGetLettersValid(char[], String)[6]" classname="com.slinky.wordcheat.model.LetterRackTest" time="0.0"/>
  <testcase name="testAddLettersStringValid(String, String)[1]" classname="com.slinky.wordcheat.model.LetterRackTest" time="0.001"/>
  <testcase name="testAddLettersStringValid(String, String)[2]" classname="com.slinky.wordcheat.model.LetterRackTest" time="0.0"/>
  <testcase name="testAddLettersStringValid(String, String)[3]" classname="com.slinky.wordcheat.model.LetterRackTest" time="0.0"/>
  <testcase name="testSortWithComparatorSingleElement" classname="com.slinky.wordcheat.model.LetterRackTest" time="0.0"/>
  <testcase name="testSortWithNaturalOrderComparator" classname="com.slinky.wordcheat.model.LetterRackTest" time="0.001"/>
  <testcase name="testGetLettersDefensiveCopy" classname="com.slinky.wordcheat.model.LetterRackTest" time="0.0"/>
  <testcase name="testAddLettersValid(char[], String)[1]" classname="com.slinky.wordcheat.model.LetterRackTest" time="0.0"/>
  <testcase name="testAddLettersValid(char[], String)[2]" classname="com.slinky.wordcheat.model.LetterRackTest" time="0.0"/>
  <testcase name="testAddLettersValid(char[], String)[3]" classname="com.slinky.wordcheat.model.LetterRackTest" time="0.0"/>
  <testcase name="testWildcardUsage(String, String)[1]" classname="com.slinky.wordcheat.model.LetterRackTest" time="0.0"/>
  <testcase name="testWildcardUsage(String, String)[2]" classname="com.slinky.wordcheat.model.LetterRackTest" time="0.001"/>
  <testcase name="testWildcardUsage(String, String)[3]" classname="com.slinky.wordcheat.model.LetterRackTest" time="0.0"/>
  <testcase name="testSortAllEmptyRack" classname="com.slinky.wordcheat.model.LetterRackTest" time="0.0"/>
  <testcase name="testAddLettersExceedCapacity(String, char[])[1]" classname="com.slinky.wordcheat.model.LetterRackTest" time="0.001"/>
  <testcase name="testAddLettersExceedCapacity(String, char[])[2]" classname="com.slinky.wordcheat.model.LetterRackTest" time="0.0"/>
  <testcase name="testAddLettersFillCapacity(String, char[], String)[1]" classname="com.slinky.wordcheat.model.LetterRackTest" time="0.001"/>
  <testcase name="testAddLettersFillCapacity(String, char[], String)[2]" classname="com.slinky.wordcheat.model.LetterRackTest" time="0.0"/>
  <testcase name="testSortAllSingleElement" classname="com.slinky.wordcheat.model.LetterRackTest" time="0.001"/>
  <testcase name="testAddLettersStringExceedCapacity(String, String)[1]" classname="com.slinky.wordcheat.model.LetterRackTest" time="0.001"/>
  <testcase name="testAddLettersStringExceedCapacity(String, String)[2]" classname="com.slinky.wordcheat.model.LetterRackTest" time="0.0"/>
  <testcase name="testSortWithWildcardToEndComparator" classname="com.slinky.wordcheat.model.LetterRackTest" time="0.0"/>
  <testcase name="testGetLettersAreUppercase(char[], String)[1]" classname="com.slinky.wordcheat.model.LetterRackTest" time="0.0"/>
  <testcase name="testGetLettersAreUppercase(char[], String)[2]" classname="com.slinky.wordcheat.model.LetterRackTest" time="0.0"/>
  <testcase name="testGetLettersAreUppercase(char[], String)[3]" classname="com.slinky.wordcheat.model.LetterRackTest" time="0.0"/>
  <testcase name="testGetLettersAreUppercase(char[], String)[4]" classname="com.slinky.wordcheat.model.LetterRackTest" time="0.0"/>
  <testcase name="testGetLettersAreUppercase(char[], String)[5]" classname="com.slinky.wordcheat.model.LetterRackTest" time="0.001"/>
  <testcase name="testGetLettersAreUppercase(char[], String)[6]" classname="com.slinky.wordcheat.model.LetterRackTest" time="0.0"/>
  <testcase name="testCanConstructNullInput" classname="com.slinky.wordcheat.model.LetterRackTest" time="0.0"/>
  <testcase name="testAddSingleWildcard" classname="com.slinky.wordcheat.model.LetterRackTest" time="0.0"/>
  <testcase name="testAddThirdWildcardThrowsException" classname="com.slinky.wordcheat.model.LetterRackTest" time="0.001"/>
  <testcase name="testEmptyWord(String, String)[1]" classname="com.slinky.wordcheat.model.LetterRackTest" time="0.0"/>
  <testcase name="testEmptyWord(String, String)[2]" classname="com.slinky.wordcheat.model.LetterRackTest" time="0.0"/>
  <testcase name="testEmptyWord(String, String)[3]" classname="com.slinky.wordcheat.model.LetterRackTest" time="0.0"/>
  <testcase name="testEmptyWord(String, String)[4]" classname="com.slinky.wordcheat.model.LetterRackTest" time="0.0"/>
  <testcase name="testEmptyWord(String, String)[5]" classname="com.slinky.wordcheat.model.LetterRackTest" time="0.001"/>
  <testcase name="testValidConstructor(char[], int, String)[1]" classname="com.slinky.wordcheat.model.LetterRackTest" time="0.001"/>
  <testcase name="testValidConstructor(char[], int, String)[2]" classname="com.slinky.wordcheat.model.LetterRackTest" time="0.001"/>
  <testcase name="testValidConstructor(char[], int, String)[3]" classname="com.slinky.wordcheat.model.LetterRackTest" time="0.0"/>
  <testcase name="testValidConstructor(char[], int, String)[4]" classname="com.slinky.wordcheat.model.LetterRackTest" time="0.0"/>
  <testcase name="testValidConstructor(char[], int, String)[5]" classname="com.slinky.wordcheat.model.LetterRackTest" time="0.0"/>
  <testcase name="testValidConstructor(char[], int, String)[6]" classname="com.slinky.wordcheat.model.LetterRackTest" time="0.0"/>
  <testcase name="testValidConstructor(char[], int, String)[7]" classname="com.slinky.wordcheat.model.LetterRackTest" time="0.001"/>
  <testcase name="testValidConstructor(char[], int, String)[8]" classname="com.slinky.wordcheat.model.LetterRackTest" time="0.0"/>
  <testcase name="testValidConstructor(char[], int, String)[9]" classname="com.slinky.wordcheat.model.LetterRackTest" time="0.001"/>
  <testcase name="testValidConstructor(char[], int, String)[10]" classname="com.slinky.wordcheat.model.LetterRackTest" time="0.0"/>
  <testcase name="testAddLetterLowerCase(char, char)[1]" classname="com.slinky.wordcheat.model.LetterRackTest" time="0.001"/>
  <testcase name="testAddLetterLowerCase(char, char)[2]" classname="com.slinky.wordcheat.model.LetterRackTest" time="0.0"/>
  <testcase name="testAddLetterLowerCase(char, char)[3]" classname="com.slinky.wordcheat.model.LetterRackTest" time="0.0"/>
  <testcase name="testAddLetterLowerCase(char, char)[4]" classname="com.slinky.wordcheat.model.LetterRackTest" time="0.001"/>
  <testcase name="testAddLettersStringNullInput" classname="com.slinky.wordcheat.model.LetterRackTest" time="0.0"/>
  <testcase name="testSortAllUnsortedWithDuplicates" classname="com.slinky.wordcheat.model.LetterRackTest" time="0.0"/>
  <testcase name="testRemoveLetter(String, char, boolean, String)[1]" classname="com.slinky.wordcheat.model.LetterRackTest" time="0.001"/>
  <testcase name="testRemoveLetter(String, char, boolean, String)[2]" classname="com.slinky.wordcheat.model.LetterRackTest" time="0.0"/>
  <testcase name="testRemoveLetter(String, char, boolean, String)[3]" classname="com.slinky.wordcheat.model.LetterRackTest" time="0.0"/>
  <testcase name="testRemoveLetter(String, char, boolean, String)[4]" classname="com.slinky.wordcheat.model.LetterRackTest" time="0.0"/>
  <testcase name="testWildcardInsufficient(String, String)[1]" classname="com.slinky.wordcheat.model.LetterRackTest" time="0.001"/>
  <testcase name="testWildcardInsufficient(String, String)[2]" classname="com.slinky.wordcheat.model.LetterRackTest" time="0.001"/>
  <testcase name="testSortAllReverseSorted" classname="com.slinky.wordcheat.model.LetterRackTest" time="0.0"/>
  <testcase name="testMissingLetter(String, String)[1]" classname="com.slinky.wordcheat.model.LetterRackTest" time="0.0"/>
  <testcase name="testMissingLetter(String, String)[2]" classname="com.slinky.wordcheat.model.LetterRackTest" time="0.0"/>
  <testcase name="testMissingLetter(String, String)[3]" classname="com.slinky.wordcheat.model.LetterRackTest" time="0.0"/>
  <testcase name="testMissingLetter(String, String)[4]" classname="com.slinky.wordcheat.model.LetterRackTest" time="0.001"/>
  <testcase name="testInvalidConstructor" classname="com.slinky.wordcheat.model.LetterRackTest" time="0.0"/>
  <testcase name="testAddTwoWildcards" classname="com.slinky.wordcheat.model.LetterRackTest" time="0.001"/>
  <testcase name="testDifferentOrder(String, String)[1]" classname="com.slinky.wordcheat.model.LetterRackTest" time="0.001"/>
  <testcase name="testDifferentOrder(String, String)[2]" classname="com.slinky.wordcheat.model.LetterRackTest" time="0.0"/>
  <testcase name="testDifferentOrder(String, String)[3]" classname="com.slinky.wordcheat.model.LetterRackTest" time="0.0"/>
  <testcase name="testDifferentOrder(String, String)[4]" classname="com.slinky.wordcheat.model.LetterRackTest" time="0.0"/>
  <testcase name="testRemoveWildcard" classname="com.slinky.wordcheat.model.LetterRackTest" time="0.0"/>
  <testcase name="testAddLetterUpperCase(char, char)[1]" classname="com.slinky.wordcheat.model.LetterRackTest" time="0.0"/>
  <testcase name="testAddLetterUpperCase(char, char)[2]" classname="com.slinky.wordcheat.model.LetterRackTest" time="0.0"/>
  <testcase name="testAddLetterUpperCase(char, char)[3]" classname="com.slinky.wordcheat.model.LetterRackTest" time="0.001"/>
  <testcase name="testAddLetterUpperCase(char, char)[4]" classname="com.slinky.wordcheat.model.LetterRackTest" time="0.0"/>
  <testcase name="testSortWithComparatorEmptyRack" classname="com.slinky.wordcheat.model.LetterRackTest" time="0.001"/>
  <testcase name="testAddLetterInvalid(char)[1]" classname="com.slinky.wordcheat.model.LetterRackTest" time="0.001"/>
  <testcase name="testAddLetterInvalid(char)[2]" classname="com.slinky.wordcheat.model.LetterRackTest" time="0.001"/>
  <testcase name="testAddLetterInvalid(char)[3]" classname="com.slinky.wordcheat.model.LetterRackTest" time="0.0"/>
  <testcase name="testAddLetterInvalid(char)[4]" classname="com.slinky.wordcheat.model.LetterRackTest" time="0.001"/>
  <testcase name="testAddLetterInvalid(char)[5]" classname="com.slinky.wordcheat.model.LetterRackTest" time="0.0"/>
  <testcase name="testAddLetterInvalid(char)[6]" classname="com.slinky.wordcheat.model.LetterRackTest" time="0.0"/>
  <testcase name="testAddLetterInvalid(char)[7]" classname="com.slinky.wordcheat.model.LetterRackTest" time="0.001"/>
  <testcase name="testAddLetterInvalid(char)[8]" classname="com.slinky.wordcheat.model.LetterRackTest" time="0.0"/>
  <testcase name="testAddLettersEmptyArray" classname="com.slinky.wordcheat.model.LetterRackTest" time="0.001"/>
  <testcase name="testAddLettersEmptyString" classname="com.slinky.wordcheat.model.LetterRackTest" time="0.0"/>
  <testcase name="testDuplicateSufficient(String, String)[1]" classname="com.slinky.wordcheat.model.LetterRackTest" time="0.001"/>
  <testcase name="testDuplicateSufficient(String, String)[2]" classname="com.slinky.wordcheat.model.LetterRackTest" time="0.0"/>
  <testcase name="testDuplicateSufficient(String, String)[3]" classname="com.slinky.wordcheat.model.LetterRackTest" time="0.0"/>
  <testcase name="testAddLetterWhenFull(char)[1]" classname="com.slinky.wordcheat.model.LetterRackTest" time="0.001"/>
  <testcase name="testAddLetterWhenFull(char)[2]" classname="com.slinky.wordcheat.model.LetterRackTest" time="0.0"/>
  <testcase name="testSortAllAlreadySorted" classname="com.slinky.wordcheat.model.LetterRackTest" time="0.0"/>
  <testcase name="testExactMatch(String, String)[1]" classname="com.slinky.wordcheat.model.LetterRackTest" time="0.001"/>
  <testcase name="testExactMatch(String, String)[2]" classname="com.slinky.wordcheat.model.LetterRackTest" time="0.0"/>
  <testcase name="testExactMatch(String, String)[3]" classname="com.slinky.wordcheat.model.LetterRackTest" time="0.001"/>
  <testcase name="testExactMatch(String, String)[4]" classname="com.slinky.wordcheat.model.LetterRackTest" time="0.001"/>
  <testcase name="testSortWithReverseOrderComparator" classname="com.slinky.wordcheat.model.LetterRackTest" time="0.001"/>
  <testcase name="testSortAllWithWildcards" classname="com.slinky.wordcheat.model.LetterRackTest" time="0.0"/>
  <testcase name="testAddLettersStringFillCapacity(String, String, String)[1]" classname="com.slinky.wordcheat.model.LetterRackTest" time="0.001"/>
  <testcase name="testAddLettersStringFillCapacity(String, String, String)[2]" classname="com.slinky.wordcheat.model.LetterRackTest" time="0.001"/>
  <testcase name="testDuplicateInsufficient(String, String)[1]" classname="com.slinky.wordcheat.model.LetterRackTest" time="0.001"/>
  <testcase name="testDuplicateInsufficient(String, String)[2]" classname="com.slinky.wordcheat.model.LetterRackTest" time="0.0"/>
  <testcase name="testRemoveLetterAtValid(int, String)[1]" classname="com.slinky.wordcheat.model.LetterRackTest" time="0.0">
    <skipped type="org.opentest4j.TestAbortedException"><![CDATA[org.opentest4j.TestAbortedException: Assumption failed: Skipping valid removal test for empty rack.
	at org.junit.jupiter.api.Assumptions.throwAssumptionFailed(Assumptions.java:316)
	at org.junit.jupiter.api.Assumptions.assumeTrue(Assumptions.java:115)
	at com.slinky.wordcheat/com.slinky.wordcheat.model.LetterRackTest.testRemoveLetterAtValid(LetterRackTest.java:367)
	at java.base/java.lang.reflect.Method.invoke(Method.java:568)
	at java.base/java.util.stream.ForEachOps$ForEachOp$OfRef.accept(ForEachOps.java:183)
	at java.base/java.util.stream.ReferencePipeline$3$1.accept(ReferencePipeline.java:197)
	at java.base/java.util.stream.ReferencePipeline$2$1.accept(ReferencePipeline.java:179)
	at java.base/java.util.stream.ReferencePipeline$3$1.accept(ReferencePipeline.java:197)
	at java.base/java.util.stream.ForEachOps$ForEachOp$OfRef.accept(ForEachOps.java:183)
	at java.base/java.util.stream.ReferencePipeline$3$1.accept(ReferencePipeline.java:197)
	at java.base/java.util.stream.ReferencePipeline$3$1.accept(ReferencePipeline.java:197)
	at java.base/java.util.stream.ReferencePipeline$3$1.accept(ReferencePipeline.java:197)
	at java.base/java.util.stream.ForEachOps$ForEachOp$OfRef.accept(ForEachOps.java:183)
	at java.base/java.util.stream.ReferencePipeline$3$1.accept(ReferencePipeline.java:197)
	at java.base/java.util.stream.ForEachOps$ForEachOp$OfRef.accept(ForEachOps.java:183)
	at java.base/java.util.stream.IntPipeline$1$1.accept(IntPipeline.java:180)
	at java.base/java.util.stream.Streams$RangeIntSpliterator.forEachRemaining(Streams.java:104)
	at java.base/java.util.Spliterator$OfInt.forEachRemaining(Spliterator.java:711)
	at java.base/java.util.stream.AbstractPipeline.copyInto(AbstractPipeline.java:509)
	at java.base/java.util.stream.AbstractPipeline.wrapAndCopyInto(AbstractPipeline.java:499)
	at java.base/java.util.stream.ForEachOps$ForEachOp.evaluateSequential(ForEachOps.java:150)
	at java.base/java.util.stream.ForEachOps$ForEachOp$OfRef.evaluateSequential(ForEachOps.java:173)
	at java.base/java.util.stream.AbstractPipeline.evaluate(AbstractPipeline.java:234)
	at java.base/java.util.stream.ReferencePipeline.forEach(ReferencePipeline.java:596)
	at java.base/java.util.stream.ReferencePipeline$7$1.accept(ReferencePipeline.java:276)
	at java.base/java.util.stream.ReferencePipeline$3$1.accept(ReferencePipeline.java:197)
	at java.base/java.util.stream.ReferencePipeline$3$1.accept(ReferencePipeline.java:197)
	at java.base/java.util.stream.ReferencePipeline$3$1.accept(ReferencePipeline.java:197)
	at java.base/java.util.Spliterators$ArraySpliterator.forEachRemaining(Spliterators.java:992)
	at java.base/java.util.stream.AbstractPipeline.copyInto(AbstractPipeline.java:509)
	at java.base/java.util.stream.AbstractPipeline.wrapAndCopyInto(AbstractPipeline.java:499)
	at java.base/java.util.stream.ForEachOps$ForEachOp.evaluateSequential(ForEachOps.java:150)
	at java.base/java.util.stream.ForEachOps$ForEachOp$OfRef.evaluateSequential(ForEachOps.java:173)
	at java.base/java.util.stream.AbstractPipeline.evaluate(AbstractPipeline.java:234)
	at java.base/java.util.stream.ReferencePipeline.forEach(ReferencePipeline.java:596)
	at java.base/java.util.stream.ReferencePipeline$7$1.accept(ReferencePipeline.java:276)
	at java.base/java.util.stream.ReferencePipeline$3$1.accept(ReferencePipeline.java:197)
	at java.base/java.util.stream.ReferencePipeline$3$1.accept(ReferencePipeline.java:197)
	at java.base/java.util.stream.ReferencePipeline$3$1.accept(ReferencePipeline.java:197)
	at java.base/java.util.ArrayList$ArrayListSpliterator.forEachRemaining(ArrayList.java:1625)
	at java.base/java.util.stream.AbstractPipeline.copyInto(AbstractPipeline.java:509)
	at java.base/java.util.stream.AbstractPipeline.wrapAndCopyInto(AbstractPipeline.java:499)
	at java.base/java.util.stream.ForEachOps$ForEachOp.evaluateSequential(ForEachOps.java:150)
	at java.base/java.util.stream.ForEachOps$ForEachOp$OfRef.evaluateSequential(ForEachOps.java:173)
	at java.base/java.util.stream.AbstractPipeline.evaluate(AbstractPipeline.java:234)
	at java.base/java.util.stream.ReferencePipeline.forEach(ReferencePipeline.java:596)
	at java.base/java.util.stream.ReferencePipeline$7$1.accept(ReferencePipeline.java:276)
	at java.base/java.util.ArrayList$ArrayListSpliterator.forEachRemaining(ArrayList.java:1625)
	at java.base/java.util.stream.AbstractPipeline.copyInto(AbstractPipeline.java:509)
	at java.base/java.util.stream.AbstractPipeline.wrapAndCopyInto(AbstractPipeline.java:499)
	at java.base/java.util.stream.ForEachOps$ForEachOp.evaluateSequential(ForEachOps.java:150)
	at java.base/java.util.stream.ForEachOps$ForEachOp$OfRef.evaluateSequential(ForEachOps.java:173)
	at java.base/java.util.stream.AbstractPipeline.evaluate(AbstractPipeline.java:234)
	at java.base/java.util.stream.ReferencePipeline.forEach(ReferencePipeline.java:596)
	at java.base/java.util.ArrayList.forEach(ArrayList.java:1511)
	at java.base/java.util.ArrayList.forEach(ArrayList.java:1511)
]]></skipped>
  </testcase>
  <testcase name="testRemoveLetterAtValid(int, String)[2]" classname="com.slinky.wordcheat.model.LetterRackTest" time="0.001"/>
  <testcase name="testRemoveLetterAtValid(int, String)[3]" classname="com.slinky.wordcheat.model.LetterRackTest" time="0.001"/>
  <testcase name="testRemoveLetterAtValid(int, String)[4]" classname="com.slinky.wordcheat.model.LetterRackTest" time="0.001"/>
  <testcase name="testRemoveLetterAtValid(int, String)[5]" classname="com.slinky.wordcheat.model.LetterRackTest" time="0.0"/>
  <testcase name="testRemoveLetterAtValid(int, String)[6]" classname="com.slinky.wordcheat.model.LetterRackTest" time="0.0"/>
  <testcase name="testRemoveLetterAtValid(int, String)[7]" classname="com.slinky.wordcheat.model.LetterRackTest" time="0.0"/>
  <testcase name="testRemoveLetterAtValid(int, String)[8]" classname="com.slinky.wordcheat.model.LetterRackTest" time="0.001"/>
  <testcase name="testRemoveLetterAtValid(int, String)[9]" classname="com.slinky.wordcheat.model.LetterRackTest" time="0.001"/>
  <testcase name="testRemoveLetterAtValid(int, String)[10]" classname="com.slinky.wordcheat.model.LetterRackTest" time="0.001"/>
  <testcase name="testRemoveLetterAtValid(int, String)[11]" classname="com.slinky.wordcheat.model.LetterRackTest" time="0.0"/>
  <testcase name="testRemoveLetterAtValid(int, String)[12]" classname="com.slinky.wordcheat.model.LetterRackTest" time="0.0"/>
  <testcase name="testRemoveLetterAtValid(int, String)[13]" classname="com.slinky.wordcheat.model.LetterRackTest" time="0.0"/>
  <testcase name="testRemoveLetterAtValid(int, String)[14]" classname="com.slinky.wordcheat.model.LetterRackTest" time="0.0"/>
  <testcase name="testRemoveLetterAtValid(int, String)[15]" classname="com.slinky.wordcheat.model.LetterRackTest" time="0.0"/>
  <testcase name="testRemoveLetterAtValid(int, String)[16]" classname="com.slinky.wordcheat.model.LetterRackTest" time="0.001"/>
  <testcase name="testRemoveLetterAtValid(int, String)[17]" classname="com.slinky.wordcheat.model.LetterRackTest" time="0.0"/>
  <testcase name="testRemoveLetterAtValid(int, String)[18]" classname="com.slinky.wordcheat.model.LetterRackTest" time="0.001"/>
  <testcase name="testRemoveLetterAtValid(int, String)[19]" classname="com.slinky.wordcheat.model.LetterRackTest" time="0.001"/>
  <testcase name="testRemoveLetterAtValid(int, String)[20]" classname="com.slinky.wordcheat.model.LetterRackTest" time="0.0"/>
  <testcase name="testRemoveLetterAtValid(int, String)[21]" classname="com.slinky.wordcheat.model.LetterRackTest" time="0.001"/>
  <testcase name="testRemoveLetterAtValid(int, String)[22]" classname="com.slinky.wordcheat.model.LetterRackTest" time="0.001"/>
  <testcase name="testRemoveLetterAtInvalid(int, String)[1]" classname="com.slinky.wordcheat.model.LetterRackTest" time="0.005"/>
  <testcase name="testRemoveLetterAtInvalid(int, String)[2]" classname="com.slinky.wordcheat.model.LetterRackTest" time="0.001"/>
  <testcase name="testRemoveLetterAtInvalid(int, String)[3]" classname="com.slinky.wordcheat.model.LetterRackTest" time="0.001"/>
  <testcase name="testRemoveLetterAtInvalid(int, String)[4]" classname="com.slinky.wordcheat.model.LetterRackTest" time="0.0"/>
  <testcase name="testRemoveLetterAtInvalid(int, String)[5]" classname="com.slinky.wordcheat.model.LetterRackTest" time="0.001"/>
  <testcase name="testRemoveLetterAtInvalid(int, String)[6]" classname="com.slinky.wordcheat.model.LetterRackTest" time="0.001"/>
  <testcase name="testRemoveLetterAtInvalid(int, String)[7]" classname="com.slinky.wordcheat.model.LetterRackTest" time="0.001"/>
  <testcase name="testRemoveLetterAtInvalid(int, String)[8]" classname="com.slinky.wordcheat.model.LetterRackTest" time="0.001"/>
  <testcase name="testRemoveLetterAtInvalid(int, String)[9]" classname="com.slinky.wordcheat.model.LetterRackTest" time="0.001"/>
  <testcase name="testRemoveLetterAtInvalid(int, String)[10]" classname="com.slinky.wordcheat.model.LetterRackTest" time="0.001"/>
  <testcase name="testRemoveLetterAtInvalid(int, String)[11]" classname="com.slinky.wordcheat.model.LetterRackTest" time="0.0"/>
  <testcase name="testRemoveLetterAtInvalid(int, String)[12]" classname="com.slinky.wordcheat.model.LetterRackTest" time="0.001"/>
  <testcase name="testRemoveLetterAtInvalid(int, String)[13]" classname="com.slinky.wordcheat.model.LetterRackTest" time="0.0"/>
  <testcase name="testRemoveLetterAtInvalid(int, String)[14]" classname="com.slinky.wordcheat.model.LetterRackTest" time="0.0"/>
  <testcase name="testRemoveLetterAtInvalid(int, String)[15]" classname="com.slinky.wordcheat.model.LetterRackTest" time="0.0"/>
  <testcase name="testRemoveLetterAtInvalid(int, String)[16]" classname="com.slinky.wordcheat.model.LetterRackTest" time="0.001"/>
  <testcase name="testRemoveLetterAtInvalid(int, String)[17]" classname="com.slinky.wordcheat.model.LetterRackTest" time="0.001"/>
  <testcase name="testRemoveLetterAtInvalid(int, String)[18]" classname="com.slinky.wordcheat.model.LetterRackTest" time="0.001"/>
  <testcase name="testRemoveLetterAtInvalid(int, String)[19]" classname="com.slinky.wordcheat.model.LetterRackTest" time="0.0"/>
  <testcase name="testRemoveLetterAtInvalid(int, String)[20]" classname="com.slinky.wordcheat.model.LetterRackTest" time="0.0"/>
  <testcase name="testRemoveLetterAtInvalid(int, String)[21]" classname="com.slinky.wordcheat.model.LetterRackTest" time="0.0"/>
  <testcase name="testRemoveLetterAtInvalid(int, String)[22]" classname="com.slinky.wordcheat.model.LetterRackTest" time="0.001"/>
  <testcase name="testAddLettersNullInput" classname="com.slinky.wordcheat.model.LetterRackTest" time="0.0"/>
</testsuite>