<?xml version="1.0" encoding="UTF-8"?>
<testsuite xmlns:xsi="http://www.w3.org/2001/XMLSchema-instance" xsi:noNamespaceSchemaLocation="https://maven.apache.org/surefire/maven-surefire-plugin/xsd/surefire-test-report-3.0.xsd" version="3.0" name="com.slinky.wordcheat.model.GameEngineTest" time="1.264" tests="1" errors="1" skipped="0" failures="0">
  <properties>
[...]
</properties>
  <testcase name="pseudoEndToEndTest" classname="com.slinky.wordcheat.model.GameEngineTest" time="1.234">
    <error message="Invalid character: &amp;#0;" type="java.lang.IllegalArgumentException"><![CDATA[java.lang.IllegalArgumentException: Invalid character: &amp#0;
	at com.slinky.wordcheat/com.slinky.wordcheat.model.LetterRack.addLetter(LetterRack.java:114)
	at com.slinky.wordcheat/com.slinky.wordcheat.model.LetterRack.<init>(LetterRack.java:63)
	at com.slinky.wordcheat/com.slinky.wordcheat.model.GameEngineTest.pseudoEndToEndTest(GameEngineTest.java:139)
	at java.base/java.lang.reflect.Method.invoke(Method.java:568)
	at java.base/java.util.ArrayList.forEach(ArrayList.java:1511)
	at java.base/java.util.ArrayList.forEach(ArrayList.java:1511)
]]></error>
    <system-out><![CDATA[[0, 7, 4, 3, 6, 2, 1, 3]
]]></system-out>
  </testcase>
</testsuite>